<?xml version="1.0" encoding="UTF-8"?>
<testsuite name="UserTest" tests="2" skipped="0" failures="0" errors="0" timestamp="2023-10-31T10:48:13" hostname="DESKTOP-BKRV7MF" time="0.034">
  <properties/>
  <testcase name="Checking the creation of an object without parameters" classname="UserTest" time="0.031"/>
  <testcase name="Checking the creation of an object with two parameters" classname="UserTest" time="0.001"/>
  <system-out><![CDATA[]]></system-out>
  <system-err><![CDATA[]]></system-err>
</testsuite>
