<?xml version="1.0" encoding="UTF-8"?>
<testsuite name="Checks values" tests="2" skipped="0" failures="0" errors="0" timestamp="2023-10-31T10:48:13" hostname="DESKTOP-BKRV7MF" time="0.006">
  <properties/>
  <testcase name="Check Email" classname="UserTest$checksValues" time="0.002"/>
  <testcase name="Check login" classname="UserTest$checksValues" time="0.001"/>
  <system-out><![CDATA[]]></system-out>
  <system-err><![CDATA[]]></system-err>
</testsuite>
